<?xml version="1.0" ?>
<!DOCTYPE coverage
  SYSTEM 'http://cobertura.sourceforge.net/xml/coverage-04.dtd'>
<coverage branch-rate="0.451834862385" branches-covered="197" branches-valid="436" complexity="0.0" line-rate="0.978947368421" lines-covered="93" lines-valid="95" timestamp="1579378884" version="gcovr 3.4">
<sources>
<source>/root/Nikita/projectbox/build</source>
</sources>
<packages>
<package branch-rate="0.0" complexity="0.0" line-rate="0.0" name="...src.project">
<classes>
<class branch-rate="0.0" complexity="0.0" filename="../src/project/main.cpp" line-rate="0.0" name="main_cpp">
<methods/>
<lines>
<line branch="false" hits="0" number="2"/>
<line branch="false" hits="0" number="3"/>
</lines>
</class>
</classes>
</package>
<package branch-rate="0.721518987342" complexity="0.0" line-rate="1.0" name="...src.project.task_3">
<classes>
<class branch-rate="0.721518987342" complexity="0.0" filename="../src/project/task_3/Source.h" line-rate="1.0" name="Source_h">
<methods/>
<lines>
<line branch="false" hits="2" number="9"/>
<line branch="false" hits="2" number="11"/>
<line branch="false" hits="2" number="12"/>
<line branch="false" hits="3" number="15"/>
<line branch="false" hits="3" number="16"/>
<line branch="true" condition-coverage="50% (2/4)" hits="7" number="17">
<conditions>
<condition coverage="50%" number="0" type="jump"/>
</conditions>
</line>
<line branch="true" condition-coverage="100% (4/4)" hits="7" number="18">
<conditions>
<condition coverage="100%" number="0" type="jump"/>
</conditions>
</line>
<line branch="false" hits="4" number="19"/>
<line branch="false" hits="3" number="22"/>
<line branch="true" condition-coverage="75% (3/4)" hits="3" number="23">
<conditions>
<condition coverage="75%" number="0" type="jump"/>
</conditions>
</line>
<line branch="false" hits="1" number="24"/>
<line branch="false" hits="3" number="25"/>
<line branch="false" hits="3" number="27"/>
<line branch="false" hits="23" number="30"/>
<line branch="false" hits="23" number="31"/>
<line branch="true" condition-coverage="50% (22/44)" hits="54" number="32">
<conditions>
<condition coverage="50%" number="0" type="jump"/>
</conditions>
</line>
<line branch="true" condition-coverage="81% (36/44)" hits="51" number="33">
<conditions>
<condition coverage="81%" number="0" type="jump"/>
</conditions>
</line>
<line branch="false" hits="31" number="34"/>
<line branch="false" hits="20" number="36"/>
<line branch="false" hits="20" number="37"/>
<line branch="false" hits="20" number="38"/>
<line branch="false" hits="23" number="41"/>
<line branch="false" hits="3" number="44"/>
<line branch="true" condition-coverage="100% (6/6)" hits="9" number="46">
<conditions>
<condition coverage="100%" number="0" type="jump"/>
</conditions>
</line>
<line branch="false" hits="6" number="47"/>
<line branch="true" condition-coverage="100% (6/6)" hits="9" number="48">
<conditions>
<condition coverage="100%" number="0" type="jump"/>
</conditions>
</line>
<line branch="false" hits="6" number="49"/>
<line branch="false" hits="3" number="50"/>
<line branch="false" hits="5" number="54"/>
<line branch="true" condition-coverage="50% (3/6)" hits="5" number="55">
<conditions>
<condition coverage="50%" number="0" type="jump"/>
</conditions>
</line>
<line branch="true" condition-coverage="100% (10/10)" hits="11" number="57">
<conditions>
<condition coverage="100%" number="0" type="jump"/>
</conditions>
</line>
<line branch="false" hits="6" number="58"/>
<line branch="true" condition-coverage="100% (10/10)" hits="23" number="59">
<conditions>
<condition coverage="100%" number="0" type="jump"/>
</conditions>
</line>
<line branch="false" hits="18" number="60"/>
<line branch="false" hits="5" number="61"/>
<line branch="false" hits="3" number="65"/>
<line branch="false" hits="1" number="68"/>
<line branch="true" condition-coverage="100% (2/2)" hits="3" number="69">
<conditions>
<condition coverage="100%" number="0" type="jump"/>
</conditions>
</line>
<line branch="true" condition-coverage="100% (2/2)" hits="8" number="70">
<conditions>
<condition coverage="100%" number="0" type="jump"/>
</conditions>
</line>
<line branch="false" hits="6" number="71"/>
<line branch="false" hits="1" number="72"/>
<line branch="false" hits="3" number="74"/>
<line branch="true" condition-coverage="50% (2/4)" hits="3" number="75">
<conditions>
<condition coverage="50%" number="0" type="jump"/>
</conditions>
</line>
<line branch="false" hits="3" number="76"/>
<line branch="false" hits="5" number="79"/>
<line branch="true" condition-coverage="50% (4/8)" hits="5" number="80">
<conditions>
<condition coverage="50%" number="0" type="jump"/>
</conditions>
</line>
<line branch="false" hits="5" number="81"/>
<line branch="false" hits="5" number="82"/>
<line branch="false" hits="3" number="90"/>
<line branch="false" hits="3" number="91"/>
<line branch="true" condition-coverage="50% (2/4)" hits="3" number="92">
<conditions>
<condition coverage="50%" number="0" type="jump"/>
</conditions>
</line>
<line branch="false" hits="3" number="93"/>
<line branch="false" hits="3" number="97"/>
<line branch="false" hits="3" number="98"/>
</lines>
</class>
</classes>
</package>
<package branch-rate="0.298561151079" complexity="0.0" line-rate="1.0" name="...src.test.task_3">
<classes>
<class branch-rate="0.298561151079" complexity="0.0" filename="../src/test/task_3/Source_test.cpp" line-rate="1.0" name="Source_test_cpp">
<methods/>
<lines>
<line branch="false" hits="2" number="9"/>
<line branch="true" condition-coverage="50% (1/2)" hits="4" number="11">
<conditions>
<condition coverage="50%" number="0" type="jump"/>
</conditions>
</line>
<line branch="true" condition-coverage="50% (1/2)" hits="2" number="12">
<conditions>
<condition coverage="50%" number="0" type="jump"/>
</conditions>
</line>
<line branch="true" condition-coverage="50% (1/2)" hits="4" number="13">
<conditions>
<condition coverage="50%" number="0" type="jump"/>
</conditions>
</line>
<line branch="false" hits="6" number="17"/>
<line branch="true" condition-coverage="50% (6/12)" hits="12" number="19">
<conditions>
<condition coverage="50%" number="0" type="jump"/>
</conditions>
</line>
<line branch="true" condition-coverage="50% (6/12)" hits="6" number="20">
<conditions>
<condition coverage="50%" number="0" type="jump"/>
</conditions>
</line>
<line branch="true" condition-coverage="50% (6/12)" hits="12" number="21">
<conditions>
<condition coverage="50%" number="0" type="jump"/>
</conditions>
</line>
<line branch="true" condition-coverage="50% (3/6)" hits="5" number="24">
<conditions>
<condition coverage="50%" number="0" type="jump"/>
</conditions>
</line>
<line branch="true" condition-coverage="25% (4/16)" hits="1" number="26">
<conditions>
<condition coverage="25%" number="0" type="jump"/>
</conditions>
</line>
<line branch="true" condition-coverage="25% (4/16)" hits="1" number="27">
<conditions>
<condition coverage="25%" number="0" type="jump"/>
</conditions>
</line>
<line branch="true" condition-coverage="25% (4/16)" hits="1" number="28">
<conditions>
<condition coverage="25%" number="0" type="jump"/>
</conditions>
</line>
<line branch="true" condition-coverage="25% (4/16)" hits="1" number="29">
<conditions>
<condition coverage="25%" number="0" type="jump"/>
</conditions>
</line>
<line branch="true" condition-coverage="25% (4/16)" hits="1" number="30">
<conditions>
<condition coverage="25%" number="0" type="jump"/>
</conditions>
</line>
<line branch="true" condition-coverage="25% (4/16)" hits="1" number="31">
<conditions>
<condition coverage="25%" number="0" type="jump"/>
</conditions>
</line>
<line branch="true" condition-coverage="25% (4/16)" hits="1" number="32">
<conditions>
<condition coverage="25%" number="0" type="jump"/>
</conditions>
</line>
<line branch="true" condition-coverage="25% (4/16)" hits="1" number="33">
<conditions>
<condition coverage="25%" number="0" type="jump"/>
</conditions>
</line>
<line branch="false" hits="1" number="35"/>
<line branch="false" hits="1" number="36"/>
<line branch="true" condition-coverage="16% (2/12)" hits="1" number="37">
<conditions>
<condition coverage="16%" number="0" type="jump"/>
</conditions>
</line>
<line branch="false" hits="1" number="39"/>
<line branch="false" hits="1" number="40"/>
<line branch="true" condition-coverage="21% (3/14)" hits="1" number="41">
<conditions>
<condition coverage="21%" number="0" type="jump"/>
</conditions>
</line>
<line branch="false" hits="1" number="43"/>
<line branch="false" hits="1" number="44"/>
<line branch="false" hits="1" number="45"/>
<line branch="false" hits="1" number="46"/>
<line branch="false" hits="1" number="47"/>
<line branch="false" hits="1" number="48"/>
<line branch="false" hits="1" number="49"/>
<line branch="true" condition-coverage="21% (3/14)" hits="1" number="50">
<conditions>
<condition coverage="21%" number="0" type="jump"/>
</conditions>
</line>
<line branch="false" hits="1" number="52"/>
<line branch="false" hits="1" number="53"/>
<line branch="false" hits="1" number="54"/>
<line branch="true" condition-coverage="50% (1/2)" hits="1" number="55">
<conditions>
<condition coverage="50%" number="0" type="jump"/>
</conditions>
</line>
<line branch="true" condition-coverage="30% (6/20)" hits="1" number="56">
<conditions>
<condition coverage="30%" number="0" type="jump"/>
</conditions>
</line>
<line branch="true" condition-coverage="27% (5/18)" hits="1" number="59">
<conditions>
<condition coverage="27%" number="0" type="jump"/>
</conditions>
</line>
<line branch="true" condition-coverage="27% (5/18)" hits="1" number="61">
<conditions>
<condition coverage="27%" number="0" type="jump"/>
</conditions>
</line>
<line branch="true" condition-coverage="50% (2/4)" hits="4" number="62">
<conditions>
<condition coverage="50%" number="0" type="jump"/>
</conditions>
</line>
</lines>
</class>
</classes>
</package>
</packages>
</coverage>

