------------------------------------------------------------------------------
                           GCC Code Coverage Report
Directory: /root/Nikita/projectbox/build
------------------------------------------------------------------------------
File                                       Lines    Exec  Cover   Missing
------------------------------------------------------------------------------
../src/project/main.cpp                        2       0     0%   2-3
../src/project/task_3/Source.h                54      54   100%   
../src/test/task_3/Source_test.cpp            39      39   100%   
------------------------------------------------------------------------------
TOTAL                                         95      93    97%
------------------------------------------------------------------------------
