Build started at 2020-01-18T19:34:50.371049
Main binary: /usr/bin/python3
Build Options: 
Python system: Linux
The Meson build system
Version: 0.53.0
Source dir: /root/Nikita/projectbox
Build dir: /root/Nikita/projectbox/config
Build type: native build
Project name: cpp_prog
Project version: 0.1.0
No CXXFLAGS in the environment, not changing global flags.
No LDFLAGS in the environment, not changing global flags.
No CPPFLAGS in the environment, not changing global flags.
Sanity testing C++ compiler: c++
Is cross compiler: False.
Sanity check compiler command line: c++ /root/Nikita/projectbox/config/meson-private/sanitycheckcpp.cc -o /root/Nikita/projectbox/config/meson-private/sanitycheckcpp.exe -pipe -D_FILE_OFFSET_BITS=64
Sanity check compile stdout:

-----
Sanity check compile stderr:

-----
Running test binary command: /root/Nikita/projectbox/config/meson-private/sanitycheckcpp.exe
C++ compiler for the build machine: c++ (gcc 7.4.0 "c++ (Ubuntu 7.4.0-1ubuntu1~18.04.1) 7.4.0")
C++ linker for the build machine: c++ GNU ld.bfd 2.30
No CXXFLAGS in the environment, not changing global flags.
No LDFLAGS in the environment, not changing global flags.
No CPPFLAGS in the environment, not changing global flags.
Sanity testing C++ compiler: c++
Is cross compiler: False.
Sanity check compiler command line: c++ /root/Nikita/projectbox/config/meson-private/sanitycheckcpp.cc -o /root/Nikita/projectbox/config/meson-private/sanitycheckcpp.exe -pipe -D_FILE_OFFSET_BITS=64
Sanity check compile stdout:

-----
Sanity check compile stderr:

-----
Running test binary command: /root/Nikita/projectbox/config/meson-private/sanitycheckcpp.exe
C++ compiler for the host machine: c++ (gcc 7.4.0 "c++ (Ubuntu 7.4.0-1ubuntu1~18.04.1) 7.4.0")
C++ linker for the host machine: c++ GNU ld.bfd 2.30
Build machine cpu family: x86_64
Build machine cpu: x86_64
Host machine cpu family: x86_64
Host machine cpu: x86_64
Target machine cpu family: x86_64
Target machine cpu: x86_64
Pkg-config binary for MachineChoice.HOST is not cached.
Pkg-config binary missing from cross or native file, or env var undefined.
Trying a default pkg-config fallback at pkg-config
Trying pkg-config binary pkg-config for machine MachineChoice.HOST at [None]
Did not find pkg-config by name 'pkg-config'
Found Pkg-config: NO
Pkg-config binary for machine MachineChoice.HOST not found. Giving up.
Running compile:
Working directory:  /root/Nikita/projectbox/config/meson-private/tmpm_dhdypw
Command line:  c++ /root/Nikita/projectbox/config/meson-private/tmpm_dhdypw/testfile.cpp -o /root/Nikita/projectbox/config/meson-private/tmpm_dhdypw/output.exe -pipe -D_FILE_OFFSET_BITS=64 -O0 -fpermissive -Wl,--start-group -lgtest -Wl,--end-group -Wl,--allow-shlib-undefined 

Code:
 int main(void) { return 0; }
Compiler stdout:
 
Compiler stderr:
 /usr/bin/ld: cannot find -lgtest
collect2: error: ld returned 1 exit status

Running compile:
Working directory:  /root/Nikita/projectbox/config/meson-private/tmpjpcommaq
Command line:  c++ /root/Nikita/projectbox/config/meson-private/tmpjpcommaq/testfile.cpp -o /root/Nikita/projectbox/config/meson-private/tmpjpcommaq/output.exe -pipe -D_FILE_OFFSET_BITS=64 -O0 -fpermissive 

Code:
 #include<stdio.h>
        
        int main(void) {
            printf("%ld\n", (long)(sizeof(void *)));
            return 0;
        };
Compiler stdout:
 
Compiler stderr:
 
Program stdout:

8

Program stderr:


Running compile:
Working directory:  /root/Nikita/projectbox/config/meson-private/tmp_lsh0ny9
Command line:  c++ /root/Nikita/projectbox/config/meson-private/tmp_lsh0ny9/testfile.cpp -o /root/Nikita/projectbox/config/meson-private/tmp_lsh0ny9/output.obj -pipe -c -D_FILE_OFFSET_BITS=64 -O0 -fpermissive --print-search-dirs 

Code:
 
Compiler stdout:
 install: /usr/lib/gcc/x86_64-linux-gnu/7/
programs: =/usr/lib/gcc/x86_64-linux-gnu/7/:/usr/lib/gcc/x86_64-linux-gnu/7/:/usr/lib/gcc/x86_64-linux-gnu/:/usr/lib/gcc/x86_64-linux-gnu/7/:/usr/lib/gcc/x86_64-linux-gnu/:/usr/lib/gcc/x86_64-linux-gnu/7/../../../../x86_64-linux-gnu/bin/x86_64-linux-gnu/7/:/usr/lib/gcc/x86_64-linux-gnu/7/../../../../x86_64-linux-gnu/bin/x86_64-linux-gnu/:/usr/lib/gcc/x86_64-linux-gnu/7/../../../../x86_64-linux-gnu/bin/
libraries: =/usr/lib/gcc/x86_64-linux-gnu/7/:/usr/lib/gcc/x86_64-linux-gnu/7/../../../../x86_64-linux-gnu/lib/x86_64-linux-gnu/7/:/usr/lib/gcc/x86_64-linux-gnu/7/../../../../x86_64-linux-gnu/lib/x86_64-linux-gnu/:/usr/lib/gcc/x86_64-linux-gnu/7/../../../../x86_64-linux-gnu/lib/../lib/:/usr/lib/gcc/x86_64-linux-gnu/7/../../../x86_64-linux-gnu/7/:/usr/lib/gcc/x86_64-linux-gnu/7/../../../x86_64-linux-gnu/:/usr/lib/gcc/x86_64-linux-gnu/7/../../../../lib/:/lib/x86_64-linux-gnu/7/:/lib/x86_64-linux-gnu/:/lib/../lib/:/usr/lib/x86_64-linux-gnu/7/:/usr/lib/x86_64-linux-gnu/:/usr/lib/../lib/:/usr/lib/gcc/x86_64-linux-gnu/7/../../../../x86_64-linux-gnu/lib/:/usr/lib/gcc/x86_64-linux-gnu/7/../../../:/lib/:/usr/lib/

Compiler stderr:
 
Running compile:
Working directory:  /root/Nikita/projectbox/config/meson-private/tmpr31ac21a
Command line:  c++ /root/Nikita/projectbox/config/meson-private/tmpr31ac21a/testfile.cpp -o /root/Nikita/projectbox/config/meson-private/tmpr31ac21a/output.exe -pipe -D_FILE_OFFSET_BITS=64 -O0 -fpermissive -Wl,--start-group -lgtest_main -Wl,--end-group -Wl,--allow-shlib-undefined 

Code:
 int main(void) { return 0; }
Compiler stdout:
 
Compiler stderr:
 /usr/bin/ld: cannot find -lgtest_main
collect2: error: ld returned 1 exit status

Run-time dependency GTest found: NO (tried system)

src/test/meson.build:1:0: ERROR: Pkg-config binary for machine MachineChoice.HOST not found. Giving up.
